Arguments: 
  /Users/zeeshanhurmat/.nvm/versions/node/v14.19.1/bin/node /Users/zeeshanhurmat/.yarn/bin/yarn.js add @nomiclabs

PATH: 
  /Users/zeeshanhurmat/google-cloud-sdk/bin:/Users/zeeshanhurmat/bin:/opt/anaconda3/bin:/opt/anaconda3/condabin:/Users/zeeshanhurmat/.yarn/bin:/Users/zeeshanhurmat/.config/yarn/global/node_modules/.bin:/Users/zeeshanhurmat/.yarn/bin:/Users/zeeshanhurmat/.config/yarn/global/node_modules/.bin:/Users/zeeshanhurmat/.nvm/versions/node/v14.19.1/bin:/usr/local/bin:/usr/bin:/bin:/usr/sbin:/sbin:/npm-global/bin:/Library/Apple/usr/bin:/Applications/Postgres.app/Contents/Versions/12/bin:/Users/zeeshanhurmat/Library/Android/sdk/emulator:/Users/zeeshanhurmat/Library/Android/sdk/tools:/Users/zeeshanhurmat/Library/Android/sdk/tools/bin:/Users/zeeshanhurmat/Library/Android/sdk/platform-tools:/Users/zeeshanhurmat/.local/bin

Yarn version: 
  1.22.4

Node version: 
  14.19.1

Platform: 
  darwin x64

Trace: 
  Error: https://registry.yarnpkg.com/@nomiclabs: Request "https://registry.yarnpkg.com/@nomiclabs" returned a 405
      at Request.params.callback [as _callback] (/Users/zeeshanhurmat/.yarn/lib/cli.js:66996:18)
      at Request.self.callback (/Users/zeeshanhurmat/.yarn/lib/cli.js:140748:22)
      at Request.emit (events.js:400:28)
      at Request.<anonymous> (/Users/zeeshanhurmat/.yarn/lib/cli.js:141720:10)
      at Request.emit (events.js:400:28)
      at IncomingMessage.<anonymous> (/Users/zeeshanhurmat/.yarn/lib/cli.js:141642:12)
      at Object.onceWrapper (events.js:519:28)
      at IncomingMessage.emit (events.js:412:35)
      at endReadableNT (internal/streams/readable.js:1334:12)
      at processTicksAndRejections (internal/process/task_queues.js:82:21)

npm manifest: 
  {
    "name": "smart_contract",
    "version": "1.0.0",
    "description": "",
    "main": "index.js",
    "scripts": {
      "test": "echo \"Error: no test specified\" && exit 1",
      "deploy": "npx hardhat run scripts/deploy.js --network"
    },
    "keywords": [],
    "author": "",
    "license": "ISC",
    "devDependencies": {
      "@ethersproject/abi": "^5.7.0",
      "@ethersproject/providers": "^5.7.2",
      "@nomicfoundation/hardhat-chai-matchers": "^1.0.4",
      "@nomicfoundation/hardhat-network-helpers": "^1.0.6",
      "@nomicfoundation/hardhat-toolbox": "^2.0.0",
      "@nomiclabs/hardhat-ethers": "^2.2.1",
      "@nomiclabs/hardhat-etherscan": "^3.1.2",
      "@typechain/ethers-v5": "^10.1.1",
      "@typechain/hardhat": "^6.1.4",
      "chai": "^4.3.6",
      "ethers": "^5.7.2",
      "hardhat": "^2.12.2",
      "hardhat-gas-reporter": "^1.0.9",
      "solidity-coverage": "^0.8.2",
      "typechain": "^8.1.1"
    }
  }

yarn manifest: 
  No manifest

Lockfile: 
  No lockfile
